  [4;36;1mSQL (0.3ms)[0m   [0;1m SELECT name
 FROM sqlite_master
 WHERE type = 'table' AND NOT name = 'sqlite_sequence'
[0m
  [4;35;1mSQL (0.1ms)[0m   [0mselect sqlite_version(*)[0m
  [4;36;1mSQL (1.2ms)[0m   [0;1mCREATE TABLE "schema_migrations" ("version" varchar(255) NOT NULL) [0m
  [4;35;1mSQL (0.1ms)[0m   [0mPRAGMA index_list("schema_migrations")[0m
  [4;36;1mSQL (1.3ms)[0m   [0;1mCREATE UNIQUE INDEX "unique_schema_migrations" ON "schema_migrations" ("version")[0m
  [4;35;1mSQL (0.2ms)[0m   [0m SELECT name
 FROM sqlite_master
 WHERE type = 'table' AND NOT name = 'sqlite_sequence'
[0m
  [4;36;1mSQL (0.1ms)[0m   [0;1mSELECT version FROM schema_migrations[0m
Migrating to CreateProducts (20100613140806)
  [4;35;1mSQL (0.5ms)[0m   [0mCREATE TABLE "products" ("id" INTEGER PRIMARY KEY AUTOINCREMENT NOT NULL, "title" varchar(255), "description" text, "image_url" varchar(255), "created_at" datetime, "updated_at" datetime) [0m
  [4;36;1mSQL (0.2ms)[0m   [0;1mINSERT INTO schema_migrations (version) VALUES ('20100613140806')[0m
  [4;35;1mSQL (0.3ms)[0m   [0m SELECT name
 FROM sqlite_master
 WHERE type = 'table' AND NOT name = 'sqlite_sequence'
[0m
  [4;36;1mSQL (0.1ms)[0m   [0;1mSELECT version FROM schema_migrations[0m
  [4;35;1mSQL (0.2ms)[0m   [0m SELECT name
 FROM sqlite_master
 WHERE type = 'table' AND NOT name = 'sqlite_sequence'
[0m
  [4;36;1mSQL (0.0ms)[0m   [0;1mPRAGMA index_list("products")[0m
  [4;36;1mSQL (0.4ms)[0m   [0;1m SELECT name
 FROM sqlite_master
 WHERE type = 'table' AND NOT name = 'sqlite_sequence'
[0m
  [4;35;1mSQL (0.1ms)[0m   [0mSELECT version FROM schema_migrations[0m
Migrating to CreateProducts (20100613140806)
Migrating to AddPriceToProduct (20100613140849)
  [4;36;1mSQL (0.1ms)[0m   [0;1mselect sqlite_version(*)[0m
  [4;35;1mSQL (1.3ms)[0m   [0mALTER TABLE "products" ADD "price" decimal(8,2) DEFAULT 0[0m
  [4;36;1mSQL (0.1ms)[0m   [0;1mINSERT INTO schema_migrations (version) VALUES ('20100613140849')[0m
  [4;35;1mSQL (0.3ms)[0m   [0m SELECT name
 FROM sqlite_master
 WHERE type = 'table' AND NOT name = 'sqlite_sequence'
[0m
  [4;36;1mSQL (0.2ms)[0m   [0;1mSELECT version FROM schema_migrations[0m
  [4;35;1mSQL (0.2ms)[0m   [0m SELECT name
 FROM sqlite_master
 WHERE type = 'table' AND NOT name = 'sqlite_sequence'
[0m
  [4;36;1mSQL (0.5ms)[0m   [0;1mPRAGMA index_list("products")[0m
  [4;36;1mSQL (0.4ms)[0m   [0;1m SELECT name
 FROM sqlite_master
 WHERE type = 'table' AND NOT name = 'sqlite_sequence'
[0m
  [4;35;1mSQL (0.2ms)[0m   [0mSELECT version FROM schema_migrations[0m
Migrating to CreateProducts (20100613140806)
Migrating to AddPriceToProduct (20100613140849)
Migrating to AddTestData (20100613141518)
  [4;36;1mSQL (0.1ms)[0m   [0;1mselect sqlite_version(*)[0m
  [4;35;1mProduct Delete all (0.4ms)[0m   [0mDELETE FROM "products" WHERE 1=1[0m
  [4;36;1mProduct Load (0.1ms)[0m   [0;1mSELECT "products".id FROM "products" WHERE ("products"."title" = 'Pragmatic Version Control') LIMIT 1[0m
  [4;35;1mProduct Create (0.1ms)[0m   [0mINSERT INTO "products" ("image_url", "updated_at", "title", "price", "description", "created_at") VALUES('/images/svn.jpg', '2010-06-13 14:15:52', 'Pragmatic Version Control', 28.5, '<p> 
This book is a recipe-based approach to using Subversion that will 
get you up and running quickly---and correctly. All projects need 
version control: it''s a foundational piece of any project''s 
infrastructure. Yet half of all project teams in the U.S. don''t use 
any version control at all. Many others don''t use it well, and end 
up experiencing time-consuming problems. 
</p>', '2010-06-13 14:15:52')[0m
  [4;36;1mSQL (0.1ms)[0m   [0;1mINSERT INTO schema_migrations (version) VALUES ('20100613141518')[0m
  [4;35;1mSQL (0.3ms)[0m   [0m SELECT name
 FROM sqlite_master
 WHERE type = 'table' AND NOT name = 'sqlite_sequence'
[0m
  [4;36;1mSQL (0.3ms)[0m   [0;1mSELECT version FROM schema_migrations[0m
  [4;35;1mSQL (0.2ms)[0m   [0m SELECT name
 FROM sqlite_master
 WHERE type = 'table' AND NOT name = 'sqlite_sequence'
[0m
  [4;36;1mSQL (0.0ms)[0m   [0;1mPRAGMA index_list("products")[0m


Processing ProductsController#index (for 127.0.0.1 at 2010-06-13 16:22:47) [GET]
  [4;36;1mProduct Load (0.6ms)[0m   [0;1mSELECT * FROM "products" [0m
Rendering template within layouts/products
Rendering products/index
Completed in 37ms (View: 32, DB: 1) | 200 OK [http://localhost/products]


Processing ProductsController#index (for 127.0.0.1 at 2010-06-13 16:25:12) [GET]
  [4;35;1mProduct Load (0.5ms)[0m   [0mSELECT * FROM "products" [0m
Rendering template within layouts/products
Rendering products/index
Completed in 16ms (View: 12, DB: 0) | 200 OK [http://localhost/products]


Processing ApplicationController#index (for 127.0.0.1 at 2010-06-13 16:25:12) [GET]

ActionController::RoutingError (No route matches "/images/svn.jpg" with {:method=>:get}):
  

Rendering rescues/layout (not_found)


Processing ProductsController#new (for 127.0.0.1 at 2010-06-13 16:25:17) [GET]
Rendering template within layouts/products
Rendering products/new
Completed in 18ms (View: 13, DB: 0) | 200 OK [http://localhost/products/new]


Processing ProductsController#create (for 127.0.0.1 at 2010-06-13 16:25:23) [POST]
  Parameters: {"commit"=>"Create", "authenticity_token"=>"sutIDhmRdo8XBJXHmLLV5lYLTzvbwgDTpLYRUAIemLI=", "product"=>{"image_url"=>"asd", "price"=>"0.0", "title"=>"asd", "description"=>"asd"}}
  [4;36;1mProduct Load (0.2ms)[0m   [0;1mSELECT "products".id FROM "products" WHERE ("products"."title" = 'asd') LIMIT 1[0m
Rendering template within layouts/products
Rendering products/new
Completed in 18ms (View: 10, DB: 0) | 200 OK [http://localhost/products]


Processing ProductsController#create (for 127.0.0.1 at 2010-06-13 16:26:04) [POST]
  Parameters: {"commit"=>"Create", "authenticity_token"=>"sutIDhmRdo8XBJXHmLLV5lYLTzvbwgDTpLYRUAIemLI=", "product"=>{"image_url"=>"add.png", "price"=>"1", "title"=>"addbutton", "description"=>"a button to let u add smthng"}}
  [4;35;1mProduct Load (0.1ms)[0m   [0mSELECT "products".id FROM "products" WHERE ("products"."title" = 'addbutton') LIMIT 1[0m
  [4;36;1mProduct Create (0.9ms)[0m   [0;1mINSERT INTO "products" ("image_url", "updated_at", "title", "price", "description", "created_at") VALUES('add.png', '2010-06-13 14:26:04', 'addbutton', 1.0, 'a button to let u add smthng', '2010-06-13 14:26:04')[0m
Redirected to http://localhost:3000/products/2
Completed in 13ms (DB: 1) | 302 Found [http://localhost/products]


Processing ProductsController#show (for 127.0.0.1 at 2010-06-13 16:26:04) [GET]
  Parameters: {"id"=>"2"}
  [4;35;1mProduct Load (0.2ms)[0m   [0mSELECT * FROM "products" WHERE ("products"."id" = 2) [0m
Rendering template within layouts/products
Rendering products/show
Completed in 13ms (View: 7, DB: 0) | 200 OK [http://localhost/products/2]


Processing ProductsController#index (for 127.0.0.1 at 2010-06-13 16:26:06) [GET]
  [4;36;1mProduct Load (0.6ms)[0m   [0;1mSELECT * FROM "products" [0m
Rendering template within layouts/products
Rendering products/index
Completed in 14ms (View: 9, DB: 1) | 200 OK [http://localhost/products]


Processing ApplicationController#index (for 127.0.0.1 at 2010-06-13 16:26:06) [GET]

ActionController::RoutingError (No route matches "/images/svn.jpg" with {:method=>:get}):
  

Rendering rescues/layout (not_found)


Processing ProductsController#index (for 127.0.0.1 at 2010-06-13 16:27:31) [GET]
  [4;35;1mProduct Load (0.6ms)[0m   [0mSELECT * FROM "products" [0m
Rendering template within layouts/products
Rendering products/index
Completed in 15ms (View: 10, DB: 1) | 200 OK [http://localhost/products]


Processing ApplicationController#index (for 127.0.0.1 at 2010-06-13 16:27:31) [GET]

ActionController::RoutingError (No route matches "/images/svn.jpg" with {:method=>:get}):
  

Rendering rescues/layout (not_found)


Processing ProductsController#index (for 127.0.0.1 at 2010-06-13 16:27:32) [GET]
  [4;36;1mProduct Load (0.6ms)[0m   [0;1mSELECT * FROM "products" [0m
Rendering template within layouts/products
Rendering products/index
Completed in 14ms (View: 9, DB: 1) | 200 OK [http://localhost/products]


Processing ApplicationController#index (for 127.0.0.1 at 2010-06-13 16:27:32) [GET]

ActionController::RoutingError (No route matches "/images/svn.jpg" with {:method=>:get}):
  

Rendering rescues/layout (not_found)


Processing ProductsController#edit (for 127.0.0.1 at 2010-06-13 16:27:54) [GET]
  Parameters: {"id"=>"1"}
  [4;35;1mProduct Load (0.2ms)[0m   [0mSELECT * FROM "products" WHERE ("products"."id" = 1) [0m
Rendering template within layouts/products
Rendering products/edit
Completed in 18ms (View: 13, DB: 0) | 200 OK [http://localhost/products/1/edit]


Processing ProductsController#update (for 127.0.0.1 at 2010-06-13 16:28:06) [PUT]
  Parameters: {"commit"=>"Update", "authenticity_token"=>"sutIDhmRdo8XBJXHmLLV5lYLTzvbwgDTpLYRUAIemLI=", "product"=>{"image_url"=>"check.png", "price"=>"28.5", "title"=>"Pragmatic Version Control", "description"=>"<p> \r\nThis book is a recipe-based approach to using Subversion that will \r\nget you up and running quickly---and correctly. All projects need \r\nversion control: it's a foundational piece of any project's \r\ninfrastructure. Yet half of all project teams in the U.S. don't use \r\nany version control at all. Many others don't use it well, and end \r\nup experiencing time-consuming problems. \r\n</p>"}, "id"=>"1"}
  [4;36;1mProduct Load (0.2ms)[0m   [0;1mSELECT * FROM "products" WHERE ("products"."id" = 1) [0m
  [4;35;1mProduct Load (0.1ms)[0m   [0mSELECT "products".id FROM "products" WHERE ("products"."title" = 'Pragmatic Version Control' AND "products".id <> 1) LIMIT 1[0m
  [4;36;1mProduct Update (0.3ms)[0m   [0;1mUPDATE "products" SET "image_url" = 'check.png', "description" = '<p> 
This book is a recipe-based approach to using Subversion that will 
get you up and running quickly---and correctly. All projects need 
version control: it''s a foundational piece of any project''s 
infrastructure. Yet half of all project teams in the U.S. don''t use 
any version control at all. Many others don''t use it well, and end 
up experiencing time-consuming problems. 
</p>', "updated_at" = '2010-06-13 14:28:06' WHERE "id" = 1[0m
Redirected to http://localhost:3000/products/1
Completed in 11ms (DB: 1) | 302 Found [http://localhost/products/1]


Processing ProductsController#show (for 127.0.0.1 at 2010-06-13 16:28:06) [GET]
  Parameters: {"id"=>"1"}
  [4;35;1mProduct Load (0.2ms)[0m   [0mSELECT * FROM "products" WHERE ("products"."id" = 1) [0m
Rendering template within layouts/products
Rendering products/show
Completed in 8ms (View: 3, DB: 0) | 200 OK [http://localhost/products/1]


Processing ProductsController#index (for 127.0.0.1 at 2010-06-13 16:28:07) [GET]
  [4;36;1mProduct Load (0.5ms)[0m   [0;1mSELECT * FROM "products" [0m
Rendering template within layouts/products
Rendering products/index
Completed in 13ms (View: 9, DB: 1) | 200 OK [http://localhost/products]


Processing ProductsController#show (for 127.0.0.1 at 2010-06-13 16:28:12) [GET]
  Parameters: {"id"=>"2"}
  [4;35;1mProduct Load (0.3ms)[0m   [0mSELECT * FROM "products" WHERE ("products"."id" = 2) [0m
Rendering template within layouts/products
Rendering products/show
Completed in 10ms (View: 3, DB: 0) | 200 OK [http://localhost/products/2]


Processing ProductsController#index (for 127.0.0.1 at 2010-06-13 16:28:28) [GET]
  [4;36;1mProduct Load (0.6ms)[0m   [0;1mSELECT * FROM "products" [0m
Rendering template within layouts/products
Rendering products/index
Completed in 13ms (View: 9, DB: 1) | 200 OK [http://localhost/products]
